<?xml version="1.0" encoding="UTF-8" ?><testsuite errors="0" name="jasmine.specs" tests="1" failures="0" skipped="0" hostname="localhost" time="0.0" timestamp="2013-04-04T20:46:15"><testcase classname="jasmine" name="Testing a Hello World controller should say hallo to the World" time="0.0" failure="false"/></testsuite>